0 info it worked if it ends with ok
1 verbose cli [ '/usr/bin/node', '/usr/bin/npm', 'start' ]
2 info using npm@2.1.10
3 info using node@v0.10.33
4 verbose stack Error: missing script: start
4 verbose stack     at run (/usr/lib/node_modules/npm/lib/run-script.js:130:19)
4 verbose stack     at /usr/lib/node_modules/npm/lib/run-script.js:81:5
4 verbose stack     at /usr/lib/node_modules/npm/node_modules/read-package-json/read-json.js:51:40
4 verbose stack     at final (/usr/lib/node_modules/npm/node_modules/read-package-json/read-json.js:349:17)
4 verbose stack     at then (/usr/lib/node_modules/npm/node_modules/read-package-json/read-json.js:126:33)
4 verbose stack     at /usr/lib/node_modules/npm/node_modules/read-package-json/read-json.js:316:48
4 verbose stack     at evalmachine.<anonymous>:207:20
4 verbose stack     at OpenReq.Req.done (/usr/lib/node_modules/npm/node_modules/graceful-fs/graceful-fs.js:141:5)
4 verbose stack     at OpenReq.done (/usr/lib/node_modules/npm/node_modules/graceful-fs/graceful-fs.js:61:22)
4 verbose stack     at Object.oncomplete (evalmachine.<anonymous>:107:15)
5 verbose cwd /home/vincent/git/swag/cordova/fleming
6 error Linux 3.17.4-1-ARCH
7 error argv "/usr/bin/node" "/usr/bin/npm" "start"
8 error node v0.10.33
9 error npm  v2.1.10
10 error missing script: start
11 error If you need help, you may report this error at:
11 error     <http://github.com/npm/npm/issues>
12 verbose exit [ 1, true ]
